2021-04-19 21:46:29,911 - arista.cvp.cv_facts: INFO - func: <module>     (L:112) - Start cv_facts module execution
2021-04-19 21:46:29,912 - arista.cvp.cv_tools: INFO - func: cv_connect   (L:56 ) - Connecting to CVP
2021-04-19 21:46:29,915 - arista.cvp.cv_tools: DEBUG - func: cv_connect   (L:77 ) -   Connecting to a CV instance: www.cv-staging.corp.arista.io with timers 120 120
2021-04-19 21:46:29,915 - cvprac      : WARNING - func: connect      (L:304) - The cvaas_token parameter will be deprecated soon. Please start using the api_token parameter instead. It provides the same functionality that was previously provided by cvaas_token. The api_token parameter is a more general API token parameter because using the CVP REST API via token is also available for on premises CVP as of CVP version 2020.3.0
2021-04-19 21:46:29,915 - arista.cvp.cv_tools: INFO - func: cv_connect   (L:94 ) - Connected to CVP
2021-04-19 21:46:29,915 - arista.cvp.cv_facts: INFO - func: facts_builder (L:412) - ** Collecting CVP Information (version)
2021-04-19 21:46:29,915 - cvprac      : INFO - func: set_version  (L:208) - Version cvaas
2021-04-19 21:46:29,916 - cvprac      : INFO - func: set_version  (L:217) - Setting API version to 5 for CVaaS
2021-04-19 21:46:29,916 - arista.cvp.cv_facts: INFO - func: facts_builder (L:417) - ** Collecting devices facts ...
2021-04-19 21:46:29,922 - urllib3.connectionpool: DEBUG - func: _new_conn    (L:975) - Starting new HTTPS connection (1): www.cv-staging.corp.arista.io:443
2021-04-19 21:48:27,632 - urllib3.connectionpool: DEBUG - func: _make_request (L:461) - https://www.cv-staging.corp.arista.io:443 "GET /cvpservice/inventory/devices?provisioned=true HTTP/1.1" 200 None
2021-04-19 21:48:43,575 - urllib3.connectionpool: DEBUG - func: _make_request (L:461) - https://www.cv-staging.corp.arista.io:443 "GET /cvpservice/inventory/containers HTTP/1.1" 200 None
2021-04-19 21:48:44,143 - urllib3.connectionpool: DEBUG - func: _make_request (L:461) - https://www.cv-staging.corp.arista.io:443 "GET /cvpservice/provisioning/getContainerInfoById.do?containerId=root HTTP/1.1" 200 166
2021-04-19 21:48:44,511 - urllib3.connectionpool: DEBUG - func: _make_request (L:461) - https://www.cv-staging.corp.arista.io:443 "GET /cvpservice/provisioning/getContainerInfoById.do?containerId=undefined_container HTTP/1.1" 200 184
2021-04-19 21:48:44,890 - urllib3.connectionpool: DEBUG - func: _make_request (L:461) - https://www.cv-staging.corp.arista.io:443 "GET /cvpservice/provisioning/getContainerInfoById.do?containerId=container_1e97e26a-3ac0-4d15-b6f4-fac66194fabc HTTP/1.1" 200 202
2021-04-19 21:48:45,219 - urllib3.connectionpool: DEBUG - func: _make_request (L:461) - https://www.cv-staging.corp.arista.io:443 "GET /cvpservice/provisioning/getContainerInfoById.do?containerId=container_1f7a9f6b-5520-4da3-b8cc-0d9e25e105ae HTTP/1.1" 200 176
2021-04-19 21:48:45,570 - urllib3.connectionpool: DEBUG - func: _make_request (L:461) - https://www.cv-staging.corp.arista.io:443 "GET /cvpservice/provisioning/getContainerInfoById.do?containerId=container_20178b25-9276-4897-92f3-514cc3851b41 HTTP/1.1" 200 174
2021-04-19 21:48:46,014 - urllib3.connectionpool: DEBUG - func: _make_request (L:461) - https://www.cv-staging.corp.arista.io:443 "GET /cvpservice/provisioning/getContainerInfoById.do?containerId=container_2365a88b-e203-46f1-a79f-7a7d66f270ee HTTP/1.1" 200 179
2021-04-19 21:48:46,368 - urllib3.connectionpool: DEBUG - func: _make_request (L:461) - https://www.cv-staging.corp.arista.io:443 "GET /cvpservice/provisioning/getContainerInfoById.do?containerId=container_23f96eae-0b56-48b4-b0ca-98dc038e1900 HTTP/1.1" 200 177
2021-04-19 21:48:46,715 - urllib3.connectionpool: DEBUG - func: _make_request (L:461) - https://www.cv-staging.corp.arista.io:443 "GET /cvpservice/provisioning/getContainerInfoById.do?containerId=container_243926a2-b1f2-43e0-a10c-9d82278fa629 HTTP/1.1" 200 201
2021-04-19 21:48:47,067 - urllib3.connectionpool: DEBUG - func: _make_request (L:461) - https://www.cv-staging.corp.arista.io:443 "GET /cvpservice/provisioning/getContainerInfoById.do?containerId=container_2627c2bc-506d-49ed-80d2-b93d18427e73 HTTP/1.1" 200 163
2021-04-19 21:48:47,346 - urllib3.connectionpool: DEBUG - func: _make_request (L:461) - https://www.cv-staging.corp.arista.io:443 "GET /cvpservice/provisioning/getContainerInfoById.do?containerId=container_2ee6345c-9616-4ba8-aa7d-62fd798b480c HTTP/1.1" 200 180
2021-04-19 21:48:47,634 - urllib3.connectionpool: DEBUG - func: _make_request (L:461) - https://www.cv-staging.corp.arista.io:443 "GET /cvpservice/provisioning/getContainerInfoById.do?containerId=container_d3410d4f-5c38-4203-8993-a29f22532a2b HTTP/1.1" 200 176
2021-04-19 21:48:47,958 - urllib3.connectionpool: DEBUG - func: _make_request (L:461) - https://www.cv-staging.corp.arista.io:443 "GET /cvpservice/provisioning/getContainerInfoById.do?containerId=container_e4000a4a-5d10-4375-80ef-7e3410593b7f HTTP/1.1" 200 177
2021-04-19 21:48:48,229 - urllib3.connectionpool: DEBUG - func: _make_request (L:461) - https://www.cv-staging.corp.arista.io:443 "GET /cvpservice/provisioning/getContainerInfoById.do?containerId=container_e4ce386f-0a6a-4382-ab98-ee6a38ba9b33 HTTP/1.1" 200 185
2021-04-19 21:48:48,591 - urllib3.connectionpool: DEBUG - func: _make_request (L:461) - https://www.cv-staging.corp.arista.io:443 "GET /cvpservice/provisioning/getContainerInfoById.do?containerId=container_fe7f4e0b-1896-4e43-b237-ab15418b3e7c HTTP/1.1" 200 176
2021-04-19 21:48:48,898 - urllib3.connectionpool: DEBUG - func: _make_request (L:461) - https://www.cv-staging.corp.arista.io:443 "GET /cvpservice/provisioning/getContainerInfoById.do?containerId=container_304df1d3-0d3c-49c6-b51b-ecf11af9b132 HTTP/1.1" 200 178
2021-04-19 21:48:49,276 - urllib3.connectionpool: DEBUG - func: _make_request (L:461) - https://www.cv-staging.corp.arista.io:443 "GET /cvpservice/provisioning/getContainerInfoById.do?containerId=container_3775fa02-2d9e-45fb-8309-636f94cb189b HTTP/1.1" 200 171
2021-04-19 21:48:49,594 - urllib3.connectionpool: DEBUG - func: _make_request (L:461) - https://www.cv-staging.corp.arista.io:443 "GET /cvpservice/provisioning/getContainerInfoById.do?containerId=container_422c4312-b65c-4e09-82a9-99ac7103f819 HTTP/1.1" 200 170
2021-04-19 21:48:49,878 - urllib3.connectionpool: DEBUG - func: _make_request (L:461) - https://www.cv-staging.corp.arista.io:443 "GET /cvpservice/provisioning/getContainerInfoById.do?containerId=container_47dca7e3-5d44-4e29-9ff2-80b6142c78f0 HTTP/1.1" 200 180
2021-04-19 21:48:50,283 - urllib3.connectionpool: DEBUG - func: _make_request (L:461) - https://www.cv-staging.corp.arista.io:443 "GET /cvpservice/provisioning/getContainerInfoById.do?containerId=container_4c25253a-0aa5-4b3a-ba8f-60b4625db3ac HTTP/1.1" 200 179
2021-04-19 21:48:50,563 - urllib3.connectionpool: DEBUG - func: _make_request (L:461) - https://www.cv-staging.corp.arista.io:443 "GET /cvpservice/provisioning/getContainerInfoById.do?containerId=container_4edc426f-1fd7-4311-b585-f052e8823951 HTTP/1.1" 200 178
2021-04-19 21:48:50,855 - urllib3.connectionpool: DEBUG - func: _make_request (L:461) - https://www.cv-staging.corp.arista.io:443 "GET /cvpservice/provisioning/getContainerInfoById.do?containerId=container_59cc0fdf-0a96-438c-998a-5e416a542cd1 HTTP/1.1" 200 182
2021-04-19 21:48:51,177 - urllib3.connectionpool: DEBUG - func: _make_request (L:461) - https://www.cv-staging.corp.arista.io:443 "GET /cvpservice/provisioning/getContainerInfoById.do?containerId=container_7cd535c0-7e2d-45a1-9a6e-a44d053e16f7 HTTP/1.1" 200 174
2021-04-19 21:48:51,595 - urllib3.connectionpool: DEBUG - func: _make_request (L:461) - https://www.cv-staging.corp.arista.io:443 "GET /cvpservice/provisioning/getContainerInfoById.do?containerId=container_7d57d2d5-0347-4d10-926c-3a265cef601b HTTP/1.1" 200 175
2021-04-19 21:48:51,987 - urllib3.connectionpool: DEBUG - func: _make_request (L:461) - https://www.cv-staging.corp.arista.io:443 "GET /cvpservice/provisioning/getContainerInfoById.do?containerId=container_7fa9784f-eb96-4712-8ee8-dc89f38fa1fc HTTP/1.1" 200 179
2021-04-19 21:48:52,316 - urllib3.connectionpool: DEBUG - func: _make_request (L:461) - https://www.cv-staging.corp.arista.io:443 "GET /cvpservice/provisioning/getContainerInfoById.do?containerId=container_8493af82-6a74-4867-90be-9e0023cdb0e2 HTTP/1.1" 200 192
2021-04-19 21:48:52,694 - urllib3.connectionpool: DEBUG - func: _make_request (L:461) - https://www.cv-staging.corp.arista.io:443 "GET /cvpservice/provisioning/getContainerInfoById.do?containerId=container_8b591388-6f8a-4534-b6f8-3f92dda023bd HTTP/1.1" 200 174
2021-04-19 21:48:52,976 - urllib3.connectionpool: DEBUG - func: _make_request (L:461) - https://www.cv-staging.corp.arista.io:443 "GET /cvpservice/provisioning/getContainerInfoById.do?containerId=container_9801927b-179d-47a1-a404-c2d50299d51e HTTP/1.1" 200 178
2021-04-19 21:48:53,262 - urllib3.connectionpool: DEBUG - func: _make_request (L:461) - https://www.cv-staging.corp.arista.io:443 "GET /cvpservice/provisioning/getContainerInfoById.do?containerId=container_adaa2937-1ac2-4085-a713-d819d0180893 HTTP/1.1" 200 201
2021-04-19 21:48:53,556 - urllib3.connectionpool: DEBUG - func: _make_request (L:461) - https://www.cv-staging.corp.arista.io:443 "GET /cvpservice/provisioning/getContainerInfoById.do?containerId=container_be500486-de7e-467f-96c5-23cb1b818c81 HTTP/1.1" 200 185
2021-04-19 21:48:53,889 - urllib3.connectionpool: DEBUG - func: _make_request (L:461) - https://www.cv-staging.corp.arista.io:443 "GET /cvpservice/provisioning/getContainerInfoById.do?containerId=container_bf77a499-f461-46cc-90df-56029efd211c HTTP/1.1" 200 178
2021-04-19 21:48:54,186 - urllib3.connectionpool: DEBUG - func: _make_request (L:461) - https://www.cv-staging.corp.arista.io:443 "GET /cvpservice/provisioning/getContainerInfoById.do?containerId=container_c264ab8e-4274-47bd-831c-a62f68f118be HTTP/1.1" 200 178
2021-04-19 21:48:54,549 - urllib3.connectionpool: DEBUG - func: _make_request (L:461) - https://www.cv-staging.corp.arista.io:443 "GET /cvpservice/provisioning/getContainerInfoById.do?containerId=container_c3637e3d-e142-42e8-b534-5f696a9c00d1 HTTP/1.1" 200 176
2021-04-19 21:48:54,866 - urllib3.connectionpool: DEBUG - func: _make_request (L:461) - https://www.cv-staging.corp.arista.io:443 "GET /cvpservice/provisioning/getContainerInfoById.do?containerId=container_c4ce0dac-9ffc-40e1-8759-8c6e5fef75da HTTP/1.1" 200 186
2021-04-19 21:48:55,176 - urllib3.connectionpool: DEBUG - func: _make_request (L:461) - https://www.cv-staging.corp.arista.io:443 "GET /cvpservice/provisioning/getContainerInfoById.do?containerId=container_ce908757-b522-4253-9f19-97245f3b4e57 HTTP/1.1" 200 183
2021-04-19 21:48:55,177 - arista.cvp.cv_facts: INFO - func: facts_devices (L:138) -   -> Working on DC1-LEAF2
2021-04-19 21:48:55,488 - urllib3.connectionpool: DEBUG - func: _make_request (L:461) - https://www.cv-staging.corp.arista.io:443 "GET /cvpservice/provisioning/getContainerInfoById.do?containerId=container_fe7f4e0b-1896-4e43-b237-ab15418b3e7c HTTP/1.1" 200 176
2021-04-19 21:48:56,018 - urllib3.connectionpool: DEBUG - func: _make_request (L:461) - https://www.cv-staging.corp.arista.io:443 "GET /cvpservice/provisioning/getConfigletsByNetElementId.do?netElementId=50:08:00:b1:5b:0b&queryParam=&startIndex=0&endIndex=0 HTTP/1.1" 200 9099
2021-04-19 21:48:56,377 - urllib3.connectionpool: DEBUG - func: _make_request (L:461) - https://www.cv-staging.corp.arista.io:443 "GET /cvpservice/provisioning/getNetElementInfoById.do?netElementId=50%3A08%3A00%3Ab1%3A5b%3A0b HTTP/1.1" 200 232
2021-04-19 21:48:56,378 - arista.cvp.cv_facts: INFO - func: facts_devices (L:169) -     -> Device added to facts
2021-04-19 21:48:56,378 - arista.cvp.cv_facts: INFO - func: facts_devices (L:138) -   -> Working on DC1-SPINE1
2021-04-19 21:48:56,682 - urllib3.connectionpool: DEBUG - func: _make_request (L:461) - https://www.cv-staging.corp.arista.io:443 "GET /cvpservice/provisioning/getContainerInfoById.do?containerId=container_bf77a499-f461-46cc-90df-56029efd211c HTTP/1.1" 200 178
2021-04-19 21:48:57,052 - urllib3.connectionpool: DEBUG - func: _make_request (L:461) - https://www.cv-staging.corp.arista.io:443 "GET /cvpservice/provisioning/getConfigletsByNetElementId.do?netElementId=50:08:00:8b:ee:b1&queryParam=&startIndex=0&endIndex=0 HTTP/1.1" 200 5113
2021-04-19 21:48:57,347 - urllib3.connectionpool: DEBUG - func: _make_request (L:461) - https://www.cv-staging.corp.arista.io:443 "GET /cvpservice/provisioning/getNetElementInfoById.do?netElementId=50%3A08%3A00%3A8b%3Aee%3Ab1 HTTP/1.1" 200 233
2021-04-19 21:48:57,348 - arista.cvp.cv_facts: INFO - func: facts_devices (L:169) -     -> Device added to facts
2021-04-19 21:48:57,349 - arista.cvp.cv_facts: INFO - func: facts_devices (L:138) -   -> Working on DC1-LEAF3
2021-04-19 21:48:57,655 - urllib3.connectionpool: DEBUG - func: _make_request (L:461) - https://www.cv-staging.corp.arista.io:443 "GET /cvpservice/provisioning/getContainerInfoById.do?containerId=container_1f7a9f6b-5520-4da3-b8cc-0d9e25e105ae HTTP/1.1" 200 176
2021-04-19 21:48:58,101 - urllib3.connectionpool: DEBUG - func: _make_request (L:461) - https://www.cv-staging.corp.arista.io:443 "GET /cvpservice/provisioning/getConfigletsByNetElementId.do?netElementId=50:08:00:60:c6:76&queryParam=&startIndex=0&endIndex=0 HTTP/1.1" 200 14385
2021-04-19 21:48:58,457 - urllib3.connectionpool: DEBUG - func: _make_request (L:461) - https://www.cv-staging.corp.arista.io:443 "GET /cvpservice/provisioning/getNetElementInfoById.do?netElementId=50%3A08%3A00%3A60%3Ac6%3A76 HTTP/1.1" 200 232
2021-04-19 21:48:58,459 - arista.cvp.cv_facts: INFO - func: facts_devices (L:169) -     -> Device added to facts
2021-04-19 21:48:58,460 - arista.cvp.cv_facts: INFO - func: facts_devices (L:138) -   -> Working on DC1-SPINE2
2021-04-19 21:48:58,884 - urllib3.connectionpool: DEBUG - func: _make_request (L:461) - https://www.cv-staging.corp.arista.io:443 "GET /cvpservice/provisioning/getContainerInfoById.do?containerId=container_bf77a499-f461-46cc-90df-56029efd211c HTTP/1.1" 200 178
2021-04-19 21:48:59,258 - urllib3.connectionpool: DEBUG - func: _make_request (L:461) - https://www.cv-staging.corp.arista.io:443 "GET /cvpservice/provisioning/getConfigletsByNetElementId.do?netElementId=50:08:00:8c:22:49&queryParam=&startIndex=0&endIndex=0 HTTP/1.1" 200 5116
2021-04-19 21:48:59,556 - urllib3.connectionpool: DEBUG - func: _make_request (L:461) - https://www.cv-staging.corp.arista.io:443 "GET /cvpservice/provisioning/getNetElementInfoById.do?netElementId=50%3A08%3A00%3A8c%3A22%3A49 HTTP/1.1" 200 233
2021-04-19 21:48:59,557 - arista.cvp.cv_facts: INFO - func: facts_devices (L:169) -     -> Device added to facts
2021-04-19 21:48:59,558 - arista.cvp.cv_facts: INFO - func: facts_devices (L:138) -   -> Working on DC1-LEAF4
2021-04-19 21:48:59,872 - urllib3.connectionpool: DEBUG - func: _make_request (L:461) - https://www.cv-staging.corp.arista.io:443 "GET /cvpservice/provisioning/getContainerInfoById.do?containerId=container_1f7a9f6b-5520-4da3-b8cc-0d9e25e105ae HTTP/1.1" 200 176
2021-04-19 21:49:00,274 - urllib3.connectionpool: DEBUG - func: _make_request (L:461) - https://www.cv-staging.corp.arista.io:443 "GET /cvpservice/provisioning/getConfigletsByNetElementId.do?netElementId=50:08:00:25:9d:36&queryParam=&startIndex=0&endIndex=0 HTTP/1.1" 200 14387
2021-04-19 21:49:00,601 - urllib3.connectionpool: DEBUG - func: _make_request (L:461) - https://www.cv-staging.corp.arista.io:443 "GET /cvpservice/provisioning/getNetElementInfoById.do?netElementId=50%3A08%3A00%3A25%3A9d%3A36 HTTP/1.1" 200 232
2021-04-19 21:49:00,602 - arista.cvp.cv_facts: INFO - func: facts_devices (L:169) -     -> Device added to facts
2021-04-19 21:49:00,602 - arista.cvp.cv_facts: INFO - func: facts_devices (L:138) -   -> Working on DC1-LEAF1
2021-04-19 21:49:00,925 - urllib3.connectionpool: DEBUG - func: _make_request (L:461) - https://www.cv-staging.corp.arista.io:443 "GET /cvpservice/provisioning/getContainerInfoById.do?containerId=container_fe7f4e0b-1896-4e43-b237-ab15418b3e7c HTTP/1.1" 200 176
2021-04-19 21:49:01,365 - urllib3.connectionpool: DEBUG - func: _make_request (L:461) - https://www.cv-staging.corp.arista.io:443 "GET /cvpservice/provisioning/getConfigletsByNetElementId.do?netElementId=50:08:00:a7:ca:c3&queryParam=&startIndex=0&endIndex=0 HTTP/1.1" 200 9099
2021-04-19 21:49:01,712 - urllib3.connectionpool: DEBUG - func: _make_request (L:461) - https://www.cv-staging.corp.arista.io:443 "GET /cvpservice/provisioning/getNetElementInfoById.do?netElementId=50%3A08%3A00%3Aa7%3Aca%3Ac3 HTTP/1.1" 200 232
2021-04-19 21:49:01,713 - arista.cvp.cv_facts: INFO - func: facts_devices (L:169) -     -> Device added to facts
2021-04-19 21:49:01,713 - arista.cvp.cv_facts: INFO - func: facts_builder (L:441) - ** All facts done
2021-04-22 21:24:59,969 - arista.cvp.cv_configlet: INFO - func: <module>     (L:28 ) - Start cv_configlet module execution
2021-04-22 21:24:59,971 - arista.cvp.device_tools_v3: INFO - func: <module>     (L:47 ) - Start device_tools module execution
2021-04-22 21:24:59,971 - arista.cvp.container_tools_v3: INFO - func: <module>     (L:54 ) - Start cv_container_v3 module execution
2021-04-22 21:24:59,971 - arista.cvp.cv_container_v3: INFO - func: <module>     (L:123) - Start cv_container_v3 module execution
2021-04-22 21:24:59,973 - arista.cvp.container_tools_v3: INFO - func: is_valid     (L:112) - start json schema validation
2021-04-22 21:24:59,974 - arista.cvp.cv_tools: INFO - func: cv_connect   (L:56 ) - Connecting to CVP
2021-04-22 21:24:59,977 - arista.cvp.cv_tools: DEBUG - func: cv_connect   (L:77 ) -   Connecting to a CV instance: 10.83.28.164 with timers 120 120
2021-04-22 21:24:59,983 - urllib3.connectionpool: DEBUG - func: _new_conn    (L:975) - Starting new HTTPS connection (1): 10.83.28.164:443
2021-04-22 21:25:01,295 - urllib3.connectionpool: DEBUG - func: _make_request (L:461) - https://10.83.28.164:443 "POST /web/login/authenticate.do HTTP/1.1" 200 None
2021-04-22 21:25:01,297 - arista.cvp.cv_tools: INFO - func: cv_connect   (L:94 ) - Connected to CVP
2021-04-22 21:25:01,298 - arista.cvp.container_tools_v3: INFO - func: ordered_list_containers (L:130) - Build list of container to create from {'DC2': {'parentContainerName': 'Tenant'}, 'Leafs_DC2': {'parentContainerName': 'DC2'}, 'Spines_DC2': {'parentContainerName': 'DC2', 'configlets': ['ASE_DEVICE-ALIASES', '01DEMO-01', '01DEMO-02']}, 'POD01_DC2': {'parentContainerName': 'Leafs'}}
2021-04-22 21:25:01,298 - arista.cvp.container_tools_v3: WARNING - func: ordered_list_containers (L:146) - Breaking the while loop as the following containers dont have a parent present in the topology ['POD01_DC2']
2021-04-22 21:25:01,298 - arista.cvp.container_tools_v3: INFO - func: ordered_list_containers (L:150) - List of containers to apply on CV: ['DC2', 'Leafs_DC2', 'Spines_DC2', 'POD01_DC2']
2021-04-22 21:25:01,298 - arista.cvp.container_tools_v3: DEBUG - func: __get_container_data (L:99 ) - Receive request to get data for container DC2 about its parentContainerName key
2021-04-22 21:25:01,299 - arista.cvp.container_tools_v3: DEBUG - func: __get_container_data (L:103) -   -> Found data for container DC2: Tenant
2021-04-22 21:25:01,299 - arista.cvp.container_tools_v3: INFO - func: build_topology (L:885) - Start creation process for container DC2 under Tenant
2021-04-22 21:25:01,299 - arista.cvp.container_tools_v3: DEBUG - func: __get_container_data (L:99 ) - Receive request to get data for container DC2 about its parentContainerName key
2021-04-22 21:25:01,299 - arista.cvp.container_tools_v3: DEBUG - func: __get_container_data (L:103) -   -> Found data for container DC2: Tenant
2021-04-22 21:25:01,671 - urllib3.connectionpool: DEBUG - func: _make_request (L:461) - https://10.83.28.164:443 "GET /web/provisioning/searchTopology.do?queryParam=Tenant&startIndex=0&endIndex=0 HTTP/1.1" 200 231
2021-04-22 21:25:02,112 - urllib3.connectionpool: DEBUG - func: _make_request (L:461) - https://10.83.28.164:443 "GET /web/provisioning/searchTopology.do?queryParam=Tenant&startIndex=0&endIndex=0 HTTP/1.1" 200 231
2021-04-22 21:25:02,113 - arista.cvp.container_tools_v3: DEBUG - func: create_container (L:681) - Parent container (Tenant) for container DC2 exists
2021-04-22 21:25:02,477 - urllib3.connectionpool: DEBUG - func: _make_request (L:461) - https://10.83.28.164:443 "GET /web/provisioning/searchTopology.do?queryParam=DC2&startIndex=0&endIndex=0 HTTP/1.1" 200 806
2021-04-22 21:25:02,478 - arista.cvp.container_tools_v3: INFO - func: create_container (L:707) - Container creation result is {'success': False, 'changed': False, 'taskIds': [], 'diff': None, 'DC2_count': 0, 'DC2_list': []}
2021-04-22 21:25:02,479 - arista.cvp.cv_configlet: DEBUG - func: add_change   (L:326) - receive add_change with {'success': False, 'changed': False, 'taskIds': [], 'diff': None, 'DC2_count': 0, 'DC2_list': []}
2021-04-22 21:25:02,479 - arista.cvp.container_tools_v3: DEBUG - func: __get_container_data (L:99 ) - Receive request to get data for container DC2 about its configlets key
2021-04-22 21:25:02,479 - arista.cvp.container_tools_v3: DEBUG - func: __get_container_data (L:99 ) - Receive request to get data for container Leafs_DC2 about its parentContainerName key
2021-04-22 21:25:02,479 - arista.cvp.container_tools_v3: DEBUG - func: __get_container_data (L:103) -   -> Found data for container Leafs_DC2: DC2
2021-04-22 21:25:02,479 - arista.cvp.container_tools_v3: INFO - func: build_topology (L:885) - Start creation process for container Leafs_DC2 under DC2
2021-04-22 21:25:02,479 - arista.cvp.container_tools_v3: DEBUG - func: __get_container_data (L:99 ) - Receive request to get data for container Leafs_DC2 about its parentContainerName key
2021-04-22 21:25:02,479 - arista.cvp.container_tools_v3: DEBUG - func: __get_container_data (L:103) -   -> Found data for container Leafs_DC2: DC2
2021-04-22 21:25:02,829 - urllib3.connectionpool: DEBUG - func: _make_request (L:461) - https://10.83.28.164:443 "GET /web/provisioning/searchTopology.do?queryParam=DC2&startIndex=0&endIndex=0 HTTP/1.1" 200 806
2021-04-22 21:25:03,194 - urllib3.connectionpool: DEBUG - func: _make_request (L:461) - https://10.83.28.164:443 "GET /web/provisioning/searchTopology.do?queryParam=DC2&startIndex=0&endIndex=0 HTTP/1.1" 200 806
2021-04-22 21:25:03,195 - arista.cvp.container_tools_v3: DEBUG - func: create_container (L:681) - Parent container (DC2) for container Leafs_DC2 exists
2021-04-22 21:25:03,592 - urllib3.connectionpool: DEBUG - func: _make_request (L:461) - https://10.83.28.164:443 "GET /web/provisioning/searchTopology.do?queryParam=Leafs_DC2&startIndex=0&endIndex=0 HTTP/1.1" 200 274
2021-04-22 21:25:03,592 - arista.cvp.container_tools_v3: INFO - func: create_container (L:707) - Container creation result is {'success': False, 'changed': False, 'taskIds': [], 'diff': None, 'Leafs_DC2_count': 0, 'Leafs_DC2_list': []}
2021-04-22 21:25:03,593 - arista.cvp.cv_configlet: DEBUG - func: add_change   (L:326) - receive add_change with {'success': False, 'changed': False, 'taskIds': [], 'diff': None, 'Leafs_DC2_count': 0, 'Leafs_DC2_list': []}
2021-04-22 21:25:03,593 - arista.cvp.container_tools_v3: DEBUG - func: __get_container_data (L:99 ) - Receive request to get data for container Leafs_DC2 about its configlets key
2021-04-22 21:25:03,593 - arista.cvp.container_tools_v3: DEBUG - func: __get_container_data (L:99 ) - Receive request to get data for container Spines_DC2 about its parentContainerName key
2021-04-22 21:25:03,593 - arista.cvp.container_tools_v3: DEBUG - func: __get_container_data (L:103) -   -> Found data for container Spines_DC2: DC2
2021-04-22 21:25:03,593 - arista.cvp.container_tools_v3: INFO - func: build_topology (L:885) - Start creation process for container Spines_DC2 under DC2
2021-04-22 21:25:03,593 - arista.cvp.container_tools_v3: DEBUG - func: __get_container_data (L:99 ) - Receive request to get data for container Spines_DC2 about its parentContainerName key
2021-04-22 21:25:03,593 - arista.cvp.container_tools_v3: DEBUG - func: __get_container_data (L:103) -   -> Found data for container Spines_DC2: DC2
2021-04-22 21:25:03,937 - urllib3.connectionpool: DEBUG - func: _make_request (L:461) - https://10.83.28.164:443 "GET /web/provisioning/searchTopology.do?queryParam=DC2&startIndex=0&endIndex=0 HTTP/1.1" 200 806
2021-04-22 21:25:04,303 - urllib3.connectionpool: DEBUG - func: _make_request (L:461) - https://10.83.28.164:443 "GET /web/provisioning/searchTopology.do?queryParam=DC2&startIndex=0&endIndex=0 HTTP/1.1" 200 806
2021-04-22 21:25:04,304 - arista.cvp.container_tools_v3: DEBUG - func: create_container (L:681) - Parent container (DC2) for container Spines_DC2 exists
2021-04-22 21:25:04,689 - urllib3.connectionpool: DEBUG - func: _make_request (L:461) - https://10.83.28.164:443 "GET /web/provisioning/searchTopology.do?queryParam=Spines_DC2&startIndex=0&endIndex=0 HTTP/1.1" 200 275
2021-04-22 21:25:04,690 - arista.cvp.container_tools_v3: INFO - func: create_container (L:707) - Container creation result is {'success': False, 'changed': False, 'taskIds': [], 'diff': None, 'Spines_DC2_count': 0, 'Spines_DC2_list': []}
2021-04-22 21:25:04,691 - arista.cvp.cv_configlet: DEBUG - func: add_change   (L:326) - receive add_change with {'success': False, 'changed': False, 'taskIds': [], 'diff': None, 'Spines_DC2_count': 0, 'Spines_DC2_list': []}
2021-04-22 21:25:04,691 - arista.cvp.container_tools_v3: DEBUG - func: __get_container_data (L:99 ) - Receive request to get data for container Spines_DC2 about its configlets key
2021-04-22 21:25:04,691 - arista.cvp.container_tools_v3: DEBUG - func: __get_container_data (L:103) -   -> Found data for container Spines_DC2: ['ASE_DEVICE-ALIASES', '01DEMO-01', '01DEMO-02']
2021-04-22 21:25:04,691 - arista.cvp.container_tools_v3: DEBUG - func: __get_container_data (L:99 ) - Receive request to get data for container Spines_DC2 about its configlets key
2021-04-22 21:25:04,691 - arista.cvp.container_tools_v3: DEBUG - func: __get_container_data (L:103) -   -> Found data for container Spines_DC2: ['ASE_DEVICE-ALIASES', '01DEMO-01', '01DEMO-02']
2021-04-22 21:25:05,061 - urllib3.connectionpool: DEBUG - func: _make_request (L:461) - https://10.83.28.164:443 "GET /web/provisioning/searchTopology.do?queryParam=Spines_DC2&startIndex=0&endIndex=0 HTTP/1.1" 200 275
2021-04-22 21:25:05,062 - arista.cvp.container_tools_v3: DEBUG - func: get_container_info (L:497) - Get container ID ({'name': 'Spines_DC2', 'key': 'container_348544d7-6128-4ca6-af4e-de979f075ea5', 'root': False, 'undefined': False, 'userId': 'ansible', 'dateTimeInLongFormat': 1617971520494, 'mode': 'expand'}) response from cv for container Spines_DC2
2021-04-22 21:25:05,453 - urllib3.connectionpool: DEBUG - func: _make_request (L:461) - https://10.83.28.164:443 "GET /web/provisioning/filterTopology.do?nodeId=container_348544d7-6128-4ca6-af4e-de979f075ea5&format=topology&startIndex=0&endIndex=0 HTTP/1.1" 200 484
2021-04-22 21:25:05,455 - arista.cvp.container_tools_v3: DEBUG - func: get_container_info (L:502) - Return info for container Spines_DC2
2021-04-22 21:25:05,455 - arista.cvp.container_tools_v3: INFO - func: __get_configlet_info (L:324) - Getting information for configlet ASE_DEVICE-ALIASES
2021-04-22 21:25:05,761 - urllib3.connectionpool: DEBUG - func: _make_request (L:461) - https://10.83.28.164:443 "GET /web/configlet/getConfigletByName.do?name=ASE_DEVICE-ALIASES HTTP/1.1" 200 896
2021-04-22 21:25:05,762 - arista.cvp.container_tools_v3: INFO - func: __get_configlet_info (L:324) - Getting information for configlet 01DEMO-01
2021-04-22 21:25:06,062 - urllib3.connectionpool: DEBUG - func: _make_request (L:461) - https://10.83.28.164:443 "GET /web/configlet/getConfigletByName.do?name=01DEMO-01 HTTP/1.1" 200 395
2021-04-22 21:25:06,063 - arista.cvp.container_tools_v3: INFO - func: __get_configlet_info (L:324) - Getting information for configlet 01DEMO-02
2021-04-22 21:25:06,352 - urllib3.connectionpool: DEBUG - func: _make_request (L:461) - https://10.83.28.164:443 "GET /web/configlet/getConfigletByName.do?name=01DEMO-02 HTTP/1.1" 200 402
2021-04-22 21:25:06,679 - urllib3.connectionpool: DEBUG - func: _make_request (L:461) - https://10.83.28.164:443 "GET /web/provisioning/getConfigletsByContainerId.do?containerId=container_348544d7-6128-4ca6-af4e-de979f075ea5&startIndex=0&endIndex=0 HTTP/1.1" 200 1081
2021-04-22 21:25:07,725 - urllib3.connectionpool: DEBUG - func: _make_request (L:461) - https://10.83.28.164:443 "POST /web/provisioning/addTempAction.do?format=topology&queryParam=&nodeId=root HTTP/1.1" 200 28037
2021-04-22 21:25:08,271 - urllib3.connectionpool: DEBUG - func: _make_request (L:461) - https://10.83.28.164:443 "POST /web/provisioning/v2/saveTopology.do HTTP/1.1" 200 42
2021-04-22 21:25:08,273 - arista.cvp.cv_configlet: DEBUG - func: add_change   (L:326) - receive add_change with {'success': True, 'changed': True, 'taskIds': [], 'diff': None, 'Spines_DC2:ASE_DEVICE-ALIASES:01DEMO-01:01DEMO-02_count': 0, 'Spines_DC2:ASE_DEVICE-ALIASES:01DEMO-01:01DEMO-02_list': []}
2021-04-22 21:25:08,610 - urllib3.connectionpool: DEBUG - func: _make_request (L:461) - https://10.83.28.164:443 "GET /web/provisioning/searchTopology.do?queryParam=Spines_DC2&startIndex=0&endIndex=0 HTTP/1.1" 200 275
2021-04-22 21:25:08,941 - urllib3.connectionpool: DEBUG - func: _make_request (L:461) - https://10.83.28.164:443 "GET /web/configlet/getConfigletsAndAssociatedMappers.do HTTP/1.1" 200 110257
2021-04-22 21:25:09,323 - arista.cvp.container_tools_v3: INFO - func: get_configlets (L:551) - container Spines_DC2 has id container_348544d7-6128-4ca6-af4e-de979f075ea5
2021-04-22 21:25:09,323 - arista.cvp.container_tools_v3: INFO - func: get_configlets (L:555) - Found 1 mappers for container Spines_DC2 : {'key': 'configletMapper_590e7f14-de02-4b24-9d60-b7b16d668435', 'configletId': 'configlet_c378f5a4-a892-488e-9dae-4e1f86ca43d0', 'type': 'container', 'objectId': 'container_348544d7-6128-4ca6-af4e-de979f075ea5', 'containerId': '', 'appliedBy': 'ansible', 'configletType': 'Static', 'appliedDateInLongFormat': 1619119508173, 'isDraft': False}
2021-04-22 21:25:09,323 - arista.cvp.container_tools_v3: INFO - func: get_configlets (L:555) - Found 1 mappers for container Spines_DC2 : {'key': 'configletMapper_31164540-00ab-454e-b558-c5bb5969ada7', 'configletId': 'configlet_d0dbfcb8-6ec9-48c3-8329-4900b31782dd', 'type': 'container', 'objectId': 'container_348544d7-6128-4ca6-af4e-de979f075ea5', 'containerId': '', 'appliedBy': 'ansible', 'configletType': 'Static', 'appliedDateInLongFormat': 1619119508236, 'isDraft': False}
2021-04-22 21:25:09,323 - arista.cvp.container_tools_v3: INFO - func: get_configlets (L:555) - Found 1 mappers for container Spines_DC2 : {'key': 'configletMapper_764c43e1-7e7d-40be-9913-42442cdbc1c8', 'configletId': 'configlet_5c564513-8ec6-42b0-87b0-73febf974b83', 'type': 'container', 'objectId': 'container_348544d7-6128-4ca6-af4e-de979f075ea5', 'containerId': '', 'appliedBy': 'ansible', 'configletType': 'Static', 'appliedDateInLongFormat': 1619119508209, 'isDraft': False}
2021-04-22 21:25:09,323 - arista.cvp.container_tools_v3: DEBUG - func: get_configlets (L:559) - List of configlets from CV is: ['ASE_DEVICE-ALIASES', '01DEMO-02', '01DEMO-01']
2021-04-22 21:25:09,323 - arista.cvp.container_tools_v3: DEBUG - func: __get_container_data (L:99 ) - Receive request to get data for container Spines_DC2 about its configlets key
2021-04-22 21:25:09,323 - arista.cvp.container_tools_v3: DEBUG - func: __get_container_data (L:103) -   -> Found data for container Spines_DC2: ['ASE_DEVICE-ALIASES', '01DEMO-01', '01DEMO-02']
2021-04-22 21:25:09,324 - arista.cvp.container_tools_v3: DEBUG - func: __get_container_data (L:99 ) - Receive request to get data for container Spines_DC2 about its configlets key
2021-04-22 21:25:09,324 - arista.cvp.container_tools_v3: DEBUG - func: __get_container_data (L:103) -   -> Found data for container Spines_DC2: ['ASE_DEVICE-ALIASES', '01DEMO-01', '01DEMO-02']
2021-04-22 21:25:09,324 - arista.cvp.container_tools_v3: DEBUG - func: __get_container_data (L:99 ) - Receive request to get data for container Spines_DC2 about its configlets key
2021-04-22 21:25:09,324 - arista.cvp.container_tools_v3: DEBUG - func: __get_container_data (L:103) -   -> Found data for container Spines_DC2: ['ASE_DEVICE-ALIASES', '01DEMO-01', '01DEMO-02']
2021-04-22 21:25:09,324 - arista.cvp.container_tools_v3: DEBUG - func: __get_container_data (L:99 ) - Receive request to get data for container POD01_DC2 about its parentContainerName key
2021-04-22 21:25:09,324 - arista.cvp.container_tools_v3: DEBUG - func: __get_container_data (L:103) -   -> Found data for container POD01_DC2: Leafs
2021-04-22 21:25:09,324 - arista.cvp.container_tools_v3: INFO - func: build_topology (L:885) - Start creation process for container POD01_DC2 under Leafs
2021-04-22 21:25:09,324 - arista.cvp.container_tools_v3: DEBUG - func: __get_container_data (L:99 ) - Receive request to get data for container POD01_DC2 about its parentContainerName key
2021-04-22 21:25:09,324 - arista.cvp.container_tools_v3: DEBUG - func: __get_container_data (L:103) -   -> Found data for container POD01_DC2: Leafs
2021-04-22 21:25:09,695 - urllib3.connectionpool: DEBUG - func: _make_request (L:461) - https://10.83.28.164:443 "GET /web/provisioning/searchTopology.do?queryParam=Leafs&startIndex=0&endIndex=0 HTTP/1.1" 200 996
2021-04-22 21:25:10,061 - urllib3.connectionpool: DEBUG - func: _make_request (L:461) - https://10.83.28.164:443 "GET /web/provisioning/searchTopology.do?queryParam=Leafs&startIndex=0&endIndex=0 HTTP/1.1" 200 996
2021-04-22 21:25:10,062 - arista.cvp.container_tools_v3: DEBUG - func: create_container (L:681) - Parent container (Leafs) for container POD01_DC2 exists
2021-04-22 21:25:10,418 - urllib3.connectionpool: DEBUG - func: _make_request (L:461) - https://10.83.28.164:443 "GET /web/provisioning/searchTopology.do?queryParam=POD01_DC2&startIndex=0&endIndex=0 HTTP/1.1" 200 274
2021-04-22 21:25:10,420 - arista.cvp.container_tools_v3: INFO - func: create_container (L:707) - Container creation result is {'success': False, 'changed': False, 'taskIds': [], 'diff': None, 'POD01_DC2_count': 0, 'POD01_DC2_list': []}
2021-04-22 21:25:10,420 - arista.cvp.cv_configlet: DEBUG - func: add_change   (L:326) - receive add_change with {'success': False, 'changed': False, 'taskIds': [], 'diff': None, 'POD01_DC2_count': 0, 'POD01_DC2_list': []}
2021-04-22 21:25:10,420 - arista.cvp.container_tools_v3: DEBUG - func: __get_container_data (L:99 ) - Receive request to get data for container POD01_DC2 about its configlets key
2021-04-22 21:25:10,420 - arista.cvp.container_tools_v3: DEBUG - func: build_topology (L:919) - Container manager is sending result data: <ansible_collections.arista.cvp.plugins.module_utils.response.CvAnsibleResponse object at 0x10935ae48>
2021-04-22 21:25:10,420 - arista.cvp.cv_container_v3: DEBUG - func: main         (L:193) - Received response from Topology builder: <ansible_collections.arista.cvp.plugins.module_utils.response.CvAnsibleResponse object at 0x10935ae48>
2021-04-22 21:25:45,037 - arista.cvp.cv_configlet: INFO - func: <module>     (L:28 ) - Start cv_configlet module execution
2021-04-22 21:25:45,038 - arista.cvp.device_tools_v3: INFO - func: <module>     (L:47 ) - Start device_tools module execution
2021-04-22 21:25:45,038 - arista.cvp.container_tools_v3: INFO - func: <module>     (L:54 ) - Start cv_container_v3 module execution
2021-04-22 21:25:45,039 - arista.cvp.cv_container_v3: INFO - func: <module>     (L:123) - Start cv_container_v3 module execution
2021-04-22 21:25:45,040 - arista.cvp.container_tools_v3: INFO - func: is_valid     (L:112) - start json schema validation
2021-04-22 21:25:45,041 - arista.cvp.cv_tools: INFO - func: cv_connect   (L:56 ) - Connecting to CVP
2021-04-22 21:25:45,044 - arista.cvp.cv_tools: DEBUG - func: cv_connect   (L:77 ) -   Connecting to a CV instance: 10.83.28.164 with timers 120 120
2021-04-22 21:25:45,050 - urllib3.connectionpool: DEBUG - func: _new_conn    (L:975) - Starting new HTTPS connection (1): 10.83.28.164:443
2021-04-22 21:25:46,327 - urllib3.connectionpool: DEBUG - func: _make_request (L:461) - https://10.83.28.164:443 "POST /web/login/authenticate.do HTTP/1.1" 200 None
2021-04-22 21:25:46,330 - arista.cvp.cv_tools: INFO - func: cv_connect   (L:94 ) - Connected to CVP
2021-04-22 21:25:46,330 - arista.cvp.container_tools_v3: INFO - func: ordered_list_containers (L:130) - Build list of container to create from {'DC2': {'parentContainerName': 'Tenant'}, 'Leafs_DC2': {'parentContainerName': 'DC2'}, 'Spines_DC2': {'parentContainerName': 'DC2', 'configlets': ['ASE_DEVICE-ALIASES', '01DEMO-01']}, 'POD01_DC2': {'parentContainerName': 'Leafs'}}
2021-04-22 21:25:46,331 - arista.cvp.container_tools_v3: WARNING - func: ordered_list_containers (L:146) - Breaking the while loop as the following containers dont have a parent present in the topology ['POD01_DC2']
2021-04-22 21:25:46,331 - arista.cvp.container_tools_v3: INFO - func: ordered_list_containers (L:150) - List of containers to apply on CV: ['DC2', 'Leafs_DC2', 'Spines_DC2', 'POD01_DC2']
2021-04-22 21:25:46,331 - arista.cvp.container_tools_v3: DEBUG - func: __get_container_data (L:99 ) - Receive request to get data for container DC2 about its parentContainerName key
2021-04-22 21:25:46,331 - arista.cvp.container_tools_v3: DEBUG - func: __get_container_data (L:103) -   -> Found data for container DC2: Tenant
2021-04-22 21:25:46,331 - arista.cvp.container_tools_v3: INFO - func: build_topology (L:885) - Start creation process for container DC2 under Tenant
2021-04-22 21:25:46,331 - arista.cvp.container_tools_v3: DEBUG - func: __get_container_data (L:99 ) - Receive request to get data for container DC2 about its parentContainerName key
2021-04-22 21:25:46,331 - arista.cvp.container_tools_v3: DEBUG - func: __get_container_data (L:103) -   -> Found data for container DC2: Tenant
2021-04-22 21:25:46,700 - urllib3.connectionpool: DEBUG - func: _make_request (L:461) - https://10.83.28.164:443 "GET /web/provisioning/searchTopology.do?queryParam=Tenant&startIndex=0&endIndex=0 HTTP/1.1" 200 231
2021-04-22 21:25:47,063 - urllib3.connectionpool: DEBUG - func: _make_request (L:461) - https://10.83.28.164:443 "GET /web/provisioning/searchTopology.do?queryParam=Tenant&startIndex=0&endIndex=0 HTTP/1.1" 200 231
2021-04-22 21:25:47,064 - arista.cvp.container_tools_v3: DEBUG - func: create_container (L:681) - Parent container (Tenant) for container DC2 exists
2021-04-22 21:25:47,424 - urllib3.connectionpool: DEBUG - func: _make_request (L:461) - https://10.83.28.164:443 "GET /web/provisioning/searchTopology.do?queryParam=DC2&startIndex=0&endIndex=0 HTTP/1.1" 200 806
2021-04-22 21:25:47,425 - arista.cvp.container_tools_v3: INFO - func: create_container (L:707) - Container creation result is {'success': False, 'changed': False, 'taskIds': [], 'diff': None, 'DC2_count': 0, 'DC2_list': []}
2021-04-22 21:25:47,425 - arista.cvp.cv_configlet: DEBUG - func: add_change   (L:326) - receive add_change with {'success': False, 'changed': False, 'taskIds': [], 'diff': None, 'DC2_count': 0, 'DC2_list': []}
2021-04-22 21:25:47,426 - arista.cvp.container_tools_v3: DEBUG - func: __get_container_data (L:99 ) - Receive request to get data for container DC2 about its configlets key
2021-04-22 21:25:47,426 - arista.cvp.container_tools_v3: DEBUG - func: __get_container_data (L:99 ) - Receive request to get data for container Leafs_DC2 about its parentContainerName key
2021-04-22 21:25:47,426 - arista.cvp.container_tools_v3: DEBUG - func: __get_container_data (L:103) -   -> Found data for container Leafs_DC2: DC2
2021-04-22 21:25:47,426 - arista.cvp.container_tools_v3: INFO - func: build_topology (L:885) - Start creation process for container Leafs_DC2 under DC2
2021-04-22 21:25:47,426 - arista.cvp.container_tools_v3: DEBUG - func: __get_container_data (L:99 ) - Receive request to get data for container Leafs_DC2 about its parentContainerName key
2021-04-22 21:25:47,426 - arista.cvp.container_tools_v3: DEBUG - func: __get_container_data (L:103) -   -> Found data for container Leafs_DC2: DC2
2021-04-22 21:25:47,789 - urllib3.connectionpool: DEBUG - func: _make_request (L:461) - https://10.83.28.164:443 "GET /web/provisioning/searchTopology.do?queryParam=DC2&startIndex=0&endIndex=0 HTTP/1.1" 200 806
2021-04-22 21:25:48,145 - urllib3.connectionpool: DEBUG - func: _make_request (L:461) - https://10.83.28.164:443 "GET /web/provisioning/searchTopology.do?queryParam=DC2&startIndex=0&endIndex=0 HTTP/1.1" 200 806
2021-04-22 21:25:48,146 - arista.cvp.container_tools_v3: DEBUG - func: create_container (L:681) - Parent container (DC2) for container Leafs_DC2 exists
2021-04-22 21:25:48,501 - urllib3.connectionpool: DEBUG - func: _make_request (L:461) - https://10.83.28.164:443 "GET /web/provisioning/searchTopology.do?queryParam=Leafs_DC2&startIndex=0&endIndex=0 HTTP/1.1" 200 274
2021-04-22 21:25:48,502 - arista.cvp.container_tools_v3: INFO - func: create_container (L:707) - Container creation result is {'success': False, 'changed': False, 'taskIds': [], 'diff': None, 'Leafs_DC2_count': 0, 'Leafs_DC2_list': []}
2021-04-22 21:25:48,502 - arista.cvp.cv_configlet: DEBUG - func: add_change   (L:326) - receive add_change with {'success': False, 'changed': False, 'taskIds': [], 'diff': None, 'Leafs_DC2_count': 0, 'Leafs_DC2_list': []}
2021-04-22 21:25:48,502 - arista.cvp.container_tools_v3: DEBUG - func: __get_container_data (L:99 ) - Receive request to get data for container Leafs_DC2 about its configlets key
2021-04-22 21:25:48,503 - arista.cvp.container_tools_v3: DEBUG - func: __get_container_data (L:99 ) - Receive request to get data for container Spines_DC2 about its parentContainerName key
2021-04-22 21:25:48,503 - arista.cvp.container_tools_v3: DEBUG - func: __get_container_data (L:103) -   -> Found data for container Spines_DC2: DC2
2021-04-22 21:25:48,503 - arista.cvp.container_tools_v3: INFO - func: build_topology (L:885) - Start creation process for container Spines_DC2 under DC2
2021-04-22 21:25:48,503 - arista.cvp.container_tools_v3: DEBUG - func: __get_container_data (L:99 ) - Receive request to get data for container Spines_DC2 about its parentContainerName key
2021-04-22 21:25:48,503 - arista.cvp.container_tools_v3: DEBUG - func: __get_container_data (L:103) -   -> Found data for container Spines_DC2: DC2
2021-04-22 21:25:48,862 - urllib3.connectionpool: DEBUG - func: _make_request (L:461) - https://10.83.28.164:443 "GET /web/provisioning/searchTopology.do?queryParam=DC2&startIndex=0&endIndex=0 HTTP/1.1" 200 806
2021-04-22 21:25:49,249 - urllib3.connectionpool: DEBUG - func: _make_request (L:461) - https://10.83.28.164:443 "GET /web/provisioning/searchTopology.do?queryParam=DC2&startIndex=0&endIndex=0 HTTP/1.1" 200 806
2021-04-22 21:25:49,251 - arista.cvp.container_tools_v3: DEBUG - func: create_container (L:681) - Parent container (DC2) for container Spines_DC2 exists
2021-04-22 21:25:49,601 - urllib3.connectionpool: DEBUG - func: _make_request (L:461) - https://10.83.28.164:443 "GET /web/provisioning/searchTopology.do?queryParam=Spines_DC2&startIndex=0&endIndex=0 HTTP/1.1" 200 275
2021-04-22 21:25:49,603 - arista.cvp.container_tools_v3: INFO - func: create_container (L:707) - Container creation result is {'success': False, 'changed': False, 'taskIds': [], 'diff': None, 'Spines_DC2_count': 0, 'Spines_DC2_list': []}
2021-04-22 21:25:49,604 - arista.cvp.cv_configlet: DEBUG - func: add_change   (L:326) - receive add_change with {'success': False, 'changed': False, 'taskIds': [], 'diff': None, 'Spines_DC2_count': 0, 'Spines_DC2_list': []}
2021-04-22 21:25:49,604 - arista.cvp.container_tools_v3: DEBUG - func: __get_container_data (L:99 ) - Receive request to get data for container Spines_DC2 about its configlets key
2021-04-22 21:25:49,604 - arista.cvp.container_tools_v3: DEBUG - func: __get_container_data (L:103) -   -> Found data for container Spines_DC2: ['ASE_DEVICE-ALIASES', '01DEMO-01']
2021-04-22 21:25:49,605 - arista.cvp.container_tools_v3: DEBUG - func: __get_container_data (L:99 ) - Receive request to get data for container Spines_DC2 about its configlets key
2021-04-22 21:25:49,605 - arista.cvp.container_tools_v3: DEBUG - func: __get_container_data (L:103) -   -> Found data for container Spines_DC2: ['ASE_DEVICE-ALIASES', '01DEMO-01']
2021-04-22 21:25:49,996 - urllib3.connectionpool: DEBUG - func: _make_request (L:461) - https://10.83.28.164:443 "GET /web/provisioning/searchTopology.do?queryParam=Spines_DC2&startIndex=0&endIndex=0 HTTP/1.1" 200 275
2021-04-22 21:25:49,998 - arista.cvp.container_tools_v3: DEBUG - func: get_container_info (L:497) - Get container ID ({'name': 'Spines_DC2', 'key': 'container_348544d7-6128-4ca6-af4e-de979f075ea5', 'root': False, 'undefined': False, 'userId': 'ansible', 'dateTimeInLongFormat': 1617971520494, 'mode': 'expand'}) response from cv for container Spines_DC2
2021-04-22 21:25:50,394 - urllib3.connectionpool: DEBUG - func: _make_request (L:461) - https://10.83.28.164:443 "GET /web/provisioning/filterTopology.do?nodeId=container_348544d7-6128-4ca6-af4e-de979f075ea5&format=topology&startIndex=0&endIndex=0 HTTP/1.1" 200 484
2021-04-22 21:25:50,395 - arista.cvp.container_tools_v3: DEBUG - func: get_container_info (L:502) - Return info for container Spines_DC2
2021-04-22 21:25:50,395 - arista.cvp.container_tools_v3: INFO - func: __get_configlet_info (L:324) - Getting information for configlet ASE_DEVICE-ALIASES
2021-04-22 21:25:50,699 - urllib3.connectionpool: DEBUG - func: _make_request (L:461) - https://10.83.28.164:443 "GET /web/configlet/getConfigletByName.do?name=ASE_DEVICE-ALIASES HTTP/1.1" 200 896
2021-04-22 21:25:50,700 - arista.cvp.container_tools_v3: INFO - func: __get_configlet_info (L:324) - Getting information for configlet 01DEMO-01
2021-04-22 21:25:50,996 - urllib3.connectionpool: DEBUG - func: _make_request (L:461) - https://10.83.28.164:443 "GET /web/configlet/getConfigletByName.do?name=01DEMO-01 HTTP/1.1" 200 395
2021-04-22 21:25:51,315 - urllib3.connectionpool: DEBUG - func: _make_request (L:461) - https://10.83.28.164:443 "GET /web/provisioning/getConfigletsByContainerId.do?containerId=container_348544d7-6128-4ca6-af4e-de979f075ea5&startIndex=0&endIndex=0 HTTP/1.1" 200 2150
2021-04-22 21:25:52,213 - urllib3.connectionpool: DEBUG - func: _make_request (L:461) - https://10.83.28.164:443 "POST /web/provisioning/addTempAction.do?format=topology&queryParam=&nodeId=root HTTP/1.1" 200 28086
2021-04-22 21:25:52,765 - urllib3.connectionpool: DEBUG - func: _make_request (L:461) - https://10.83.28.164:443 "POST /web/provisioning/v2/saveTopology.do HTTP/1.1" 200 42
2021-04-22 21:25:52,767 - arista.cvp.cv_configlet: DEBUG - func: add_change   (L:326) - receive add_change with {'success': True, 'changed': True, 'taskIds': [], 'diff': None, 'Spines_DC2:ASE_DEVICE-ALIASES:01DEMO-01_count': 0, 'Spines_DC2:ASE_DEVICE-ALIASES:01DEMO-01_list': []}
2021-04-22 21:25:53,141 - urllib3.connectionpool: DEBUG - func: _make_request (L:461) - https://10.83.28.164:443 "GET /web/provisioning/searchTopology.do?queryParam=Spines_DC2&startIndex=0&endIndex=0 HTTP/1.1" 200 275
2021-04-22 21:25:53,690 - urllib3.connectionpool: DEBUG - func: _make_request (L:461) - https://10.83.28.164:443 "GET /web/configlet/getConfigletsAndAssociatedMappers.do HTTP/1.1" 200 110257
2021-04-22 21:25:54,070 - arista.cvp.container_tools_v3: INFO - func: get_configlets (L:551) - container Spines_DC2 has id container_348544d7-6128-4ca6-af4e-de979f075ea5
2021-04-22 21:25:54,070 - arista.cvp.container_tools_v3: INFO - func: get_configlets (L:555) - Found 1 mappers for container Spines_DC2 : {'key': 'configletMapper_757a94ad-13e1-438c-a9ae-f5cbb7eea09f', 'configletId': 'configlet_d0dbfcb8-6ec9-48c3-8329-4900b31782dd', 'type': 'container', 'objectId': 'container_348544d7-6128-4ca6-af4e-de979f075ea5', 'containerId': '', 'appliedBy': 'ansible', 'configletType': 'Static', 'appliedDateInLongFormat': 1619119552691, 'isDraft': False}
2021-04-22 21:25:54,070 - arista.cvp.container_tools_v3: INFO - func: get_configlets (L:555) - Found 1 mappers for container Spines_DC2 : {'key': 'configletMapper_e4f076c2-4901-4751-9e00-1b81f022d7a1', 'configletId': 'configlet_5c564513-8ec6-42b0-87b0-73febf974b83', 'type': 'container', 'objectId': 'container_348544d7-6128-4ca6-af4e-de979f075ea5', 'containerId': '', 'appliedBy': 'ansible', 'configletType': 'Static', 'appliedDateInLongFormat': 1619119552758, 'isDraft': False}
2021-04-22 21:25:54,071 - arista.cvp.container_tools_v3: INFO - func: get_configlets (L:555) - Found 1 mappers for container Spines_DC2 : {'key': 'configletMapper_1734477a-7718-459d-bf3d-00964d95a3cb', 'configletId': 'configlet_c378f5a4-a892-488e-9dae-4e1f86ca43d0', 'type': 'container', 'objectId': 'container_348544d7-6128-4ca6-af4e-de979f075ea5', 'containerId': '', 'appliedBy': 'ansible', 'configletType': 'Static', 'appliedDateInLongFormat': 1619119552724, 'isDraft': False}
2021-04-22 21:25:54,071 - arista.cvp.container_tools_v3: DEBUG - func: get_configlets (L:559) - List of configlets from CV is: ['01DEMO-02', '01DEMO-01', 'ASE_DEVICE-ALIASES']
2021-04-22 21:25:54,071 - arista.cvp.container_tools_v3: DEBUG - func: __get_container_data (L:99 ) - Receive request to get data for container Spines_DC2 about its configlets key
2021-04-22 21:25:54,071 - arista.cvp.container_tools_v3: DEBUG - func: __get_container_data (L:103) -   -> Found data for container Spines_DC2: ['ASE_DEVICE-ALIASES', '01DEMO-01']
2021-04-22 21:25:54,071 - arista.cvp.container_tools_v3: DEBUG - func: __get_container_data (L:99 ) - Receive request to get data for container Spines_DC2 about its configlets key
2021-04-22 21:25:54,071 - arista.cvp.container_tools_v3: DEBUG - func: __get_container_data (L:103) -   -> Found data for container Spines_DC2: ['ASE_DEVICE-ALIASES', '01DEMO-01']
2021-04-22 21:25:54,071 - arista.cvp.container_tools_v3: DEBUG - func: __get_container_data (L:99 ) - Receive request to get data for container Spines_DC2 about its configlets key
2021-04-22 21:25:54,071 - arista.cvp.container_tools_v3: DEBUG - func: __get_container_data (L:103) -   -> Found data for container Spines_DC2: ['ASE_DEVICE-ALIASES', '01DEMO-01']
2021-04-22 21:25:54,071 - arista.cvp.container_tools_v3: INFO - func: configlets_detach (L:838) - Running configlet detach for container Spines_DC2
2021-04-22 21:25:54,417 - urllib3.connectionpool: DEBUG - func: _make_request (L:461) - https://10.83.28.164:443 "GET /web/provisioning/searchTopology.do?queryParam=Spines_DC2&startIndex=0&endIndex=0 HTTP/1.1" 200 275
2021-04-22 21:25:54,418 - arista.cvp.container_tools_v3: DEBUG - func: get_container_info (L:497) - Get container ID ({'name': 'Spines_DC2', 'key': 'container_348544d7-6128-4ca6-af4e-de979f075ea5', 'root': False, 'undefined': False, 'userId': 'ansible', 'dateTimeInLongFormat': 1617971520494, 'mode': 'expand'}) response from cv for container Spines_DC2
2021-04-22 21:25:54,810 - urllib3.connectionpool: DEBUG - func: _make_request (L:461) - https://10.83.28.164:443 "GET /web/provisioning/filterTopology.do?nodeId=container_348544d7-6128-4ca6-af4e-de979f075ea5&format=topology&startIndex=0&endIndex=0 HTTP/1.1" 200 484
2021-04-22 21:25:54,812 - arista.cvp.container_tools_v3: DEBUG - func: get_container_info (L:502) - Return info for container Spines_DC2
2021-04-22 21:25:54,812 - arista.cvp.container_tools_v3: INFO - func: __get_configlet_info (L:324) - Getting information for configlet 01DEMO-02
2021-04-22 21:25:55,107 - urllib3.connectionpool: DEBUG - func: _make_request (L:461) - https://10.83.28.164:443 "GET /web/configlet/getConfigletByName.do?name=01DEMO-02 HTTP/1.1" 200 402
2021-04-22 21:25:55,108 - arista.cvp.container_tools_v3: INFO - func: configlets_detach (L:845) - Sending data to self.__configlet_del: [{'key': 'configlet_d0dbfcb8-6ec9-48c3-8329-4900b31782dd', 'name': '01DEMO-02'}]
2021-04-22 21:25:55,434 - urllib3.connectionpool: DEBUG - func: _make_request (L:461) - https://10.83.28.164:443 "GET /web/provisioning/getConfigletsByContainerId.do?containerId=container_348544d7-6128-4ca6-af4e-de979f075ea5&startIndex=0&endIndex=0 HTTP/1.1" 200 2150
2021-04-22 21:25:56,082 - urllib3.connectionpool: DEBUG - func: _make_request (L:461) - https://10.83.28.164:443 "POST /web/provisioning/addTempAction.do?format=topology&queryParam=&nodeId=root HTTP/1.1" 200 27989
2021-04-22 21:25:56,613 - urllib3.connectionpool: DEBUG - func: _make_request (L:461) - https://10.83.28.164:443 "POST /web/provisioning/v2/saveTopology.do HTTP/1.1" 200 42
2021-04-22 21:25:56,614 - arista.cvp.cv_configlet: DEBUG - func: add_change   (L:326) - receive add_change with {'success': True, 'changed': True, 'taskIds': [], 'diff': None, 'Spines_DC2:01DEMO-02_count': 0, 'Spines_DC2:01DEMO-02_list': []}
2021-04-22 21:25:56,614 - arista.cvp.container_tools_v3: DEBUG - func: __get_container_data (L:99 ) - Receive request to get data for container POD01_DC2 about its parentContainerName key
2021-04-22 21:25:56,614 - arista.cvp.container_tools_v3: DEBUG - func: __get_container_data (L:103) -   -> Found data for container POD01_DC2: Leafs
2021-04-22 21:25:56,614 - arista.cvp.container_tools_v3: INFO - func: build_topology (L:885) - Start creation process for container POD01_DC2 under Leafs
2021-04-22 21:25:56,615 - arista.cvp.container_tools_v3: DEBUG - func: __get_container_data (L:99 ) - Receive request to get data for container POD01_DC2 about its parentContainerName key
2021-04-22 21:25:56,615 - arista.cvp.container_tools_v3: DEBUG - func: __get_container_data (L:103) -   -> Found data for container POD01_DC2: Leafs
2021-04-22 21:25:56,988 - urllib3.connectionpool: DEBUG - func: _make_request (L:461) - https://10.83.28.164:443 "GET /web/provisioning/searchTopology.do?queryParam=Leafs&startIndex=0&endIndex=0 HTTP/1.1" 200 996
2021-04-22 21:25:57,354 - urllib3.connectionpool: DEBUG - func: _make_request (L:461) - https://10.83.28.164:443 "GET /web/provisioning/searchTopology.do?queryParam=Leafs&startIndex=0&endIndex=0 HTTP/1.1" 200 996
2021-04-22 21:25:57,355 - arista.cvp.container_tools_v3: DEBUG - func: create_container (L:681) - Parent container (Leafs) for container POD01_DC2 exists
2021-04-22 21:25:57,698 - urllib3.connectionpool: DEBUG - func: _make_request (L:461) - https://10.83.28.164:443 "GET /web/provisioning/searchTopology.do?queryParam=POD01_DC2&startIndex=0&endIndex=0 HTTP/1.1" 200 274
2021-04-22 21:25:57,699 - arista.cvp.container_tools_v3: INFO - func: create_container (L:707) - Container creation result is {'success': False, 'changed': False, 'taskIds': [], 'diff': None, 'POD01_DC2_count': 0, 'POD01_DC2_list': []}
2021-04-22 21:25:57,699 - arista.cvp.cv_configlet: DEBUG - func: add_change   (L:326) - receive add_change with {'success': False, 'changed': False, 'taskIds': [], 'diff': None, 'POD01_DC2_count': 0, 'POD01_DC2_list': []}
2021-04-22 21:25:57,699 - arista.cvp.container_tools_v3: DEBUG - func: __get_container_data (L:99 ) - Receive request to get data for container POD01_DC2 about its configlets key
2021-04-22 21:25:57,699 - arista.cvp.container_tools_v3: DEBUG - func: build_topology (L:919) - Container manager is sending result data: <ansible_collections.arista.cvp.plugins.module_utils.response.CvAnsibleResponse object at 0x1016f9e48>
2021-04-22 21:25:57,700 - arista.cvp.cv_container_v3: DEBUG - func: main         (L:193) - Received response from Topology builder: <ansible_collections.arista.cvp.plugins.module_utils.response.CvAnsibleResponse object at 0x1016f9e48>
